  main.c
C:\Users\iksang\Desktop\GitHub\WKU_sophomore\C\second semester\20212316정익상(창의실무프로젝트기말)\20212316정익상(창의실무프로젝트기말)\main.c(125,37): warning C4305: '+=': 'double'에서 'float'(으)로 잘립니다.
C:\Users\iksang\Desktop\GitHub\WKU_sophomore\C\second semester\20212316정익상(창의실무프로젝트기말)\20212316정익상(창의실무프로젝트기말)\main.c(126,42): warning C4305: '-=': 'double'에서 'float'(으)로 잘립니다.
C:\Users\iksang\Desktop\GitHub\WKU_sophomore\C\second semester\20212316정익상(창의실무프로젝트기말)\20212316정익상(창의실무프로젝트기말)\main.c(141,32): warning C4244: '=': 'double'에서 'float'(으)로 변환하면서 데이터가 손실될 수 있습니다.
C:\Users\iksang\Desktop\GitHub\WKU_sophomore\C\second semester\20212316정익상(창의실무프로젝트기말)\20212316정익상(창의실무프로젝트기말)\main.c(152,29): warning C4244: '=': 'double'에서 'float'(으)로 변환하면서 데이터가 손실될 수 있습니다.
C:\Users\iksang\Desktop\GitHub\WKU_sophomore\C\second semester\20212316정익상(창의실무프로젝트기말)\20212316정익상(창의실무프로젝트기말)\main.c(166,32): warning C4244: '=': 'double'에서 'float'(으)로 변환하면서 데이터가 손실될 수 있습니다.
C:\Users\iksang\Desktop\GitHub\WKU_sophomore\C\second semester\20212316정익상(창의실무프로젝트기말)\20212316정익상(창의실무프로젝트기말)\main.c(177,29): warning C4244: '=': 'double'에서 'float'(으)로 변환하면서 데이터가 손실될 수 있습니다.
C:\Users\iksang\Desktop\GitHub\WKU_sophomore\C\second semester\20212316정익상(창의실무프로젝트기말)\20212316정익상(창의실무프로젝트기말)\main.c(195,21): warning C4244: '=': 'double'에서 'float'(으)로 변환하면서 데이터가 손실될 수 있습니다.
C:\Users\iksang\Desktop\GitHub\WKU_sophomore\C\second semester\20212316정익상(창의실무프로젝트기말)\20212316정익상(창의실무프로젝트기말)\main.c(215,24): warning C4305: '+=': 'double'에서 'float'(으)로 잘립니다.
C:\Users\iksang\Desktop\GitHub\WKU_sophomore\C\second semester\20212316정익상(창의실무프로젝트기말)\20212316정익상(창의실무프로젝트기말)\main.c(216,41): warning C4305: '+=': 'double'에서 'float'(으)로 잘립니다.
C:\Users\iksang\Desktop\GitHub\WKU_sophomore\C\second semester\20212316정익상(창의실무프로젝트기말)\20212316정익상(창의실무프로젝트기말)\main.c(217,46): warning C4305: '-=': 'double'에서 'float'(으)로 잘립니다.
C:\Users\iksang\Desktop\GitHub\WKU_sophomore\C\second semester\20212316정익상(창의실무프로젝트기말)\20212316정익상(창의실무프로젝트기말)\main.c(124,35): warning C4244: '초기화 중': 'double'에서 'float'(으)로 변환하면서 데이터가 손실될 수 있습니다.
C:\Users\iksang\Desktop\GitHub\WKU_sophomore\C\second semester\20212316정익상(창의실무프로젝트기말)\20212316정익상(창의실무프로젝트기말)\main.c(130,25): warning C4244: '초기화 중': 'double'에서 'float'(으)로 변환하면서 데이터가 손실될 수 있습니다.
C:\Users\iksang\Desktop\GitHub\WKU_sophomore\C\second semester\20212316정익상(창의실무프로젝트기말)\20212316정익상(창의실무프로젝트기말)\main.c(131,22): warning C4244: '초기화 중': 'double'에서 'float'(으)로 변환하면서 데이터가 손실될 수 있습니다.
C:\Users\iksang\Desktop\GitHub\WKU_sophomore\C\second semester\20212316정익상(창의실무프로젝트기말)\20212316정익상(창의실무프로젝트기말)\main.c(198,50): warning C4244: '초기화 중': 'double'에서 'float'(으)로 변환하면서 데이터가 손실될 수 있습니다.
C:\Users\iksang\Desktop\GitHub\WKU_sophomore\C\second semester\20212316정익상(창의실무프로젝트기말)\20212316정익상(창의실무프로젝트기말)\main.c(257,35): warning C4244: '+=': 'double'에서 'float'(으)로 변환하면서 데이터가 손실될 수 있습니다.
C:\Users\iksang\Desktop\GitHub\WKU_sophomore\C\second semester\20212316정익상(창의실무프로젝트기말)\20212316정익상(창의실무프로젝트기말)\main.c(258,35): warning C4244: '+=': 'double'에서 'float'(으)로 변환하면서 데이터가 손실될 수 있습니다.
C:\Users\iksang\Desktop\GitHub\WKU_sophomore\C\second semester\20212316정익상(창의실무프로젝트기말)\20212316정익상(창의실무프로젝트기말)\main.c(261,35): warning C4244: '-=': 'double'에서 'float'(으)로 변환하면서 데이터가 손실될 수 있습니다.
C:\Users\iksang\Desktop\GitHub\WKU_sophomore\C\second semester\20212316정익상(창의실무프로젝트기말)\20212316정익상(창의실무프로젝트기말)\main.c(262,35): warning C4244: '-=': 'double'에서 'float'(으)로 변환하면서 데이터가 손실될 수 있습니다.
C:\Users\iksang\Desktop\GitHub\WKU_sophomore\C\second semester\20212316정익상(창의실무프로젝트기말)\20212316정익상(창의실무프로젝트기말)\main.c(265,40): warning C4244: '+=': 'double'에서 'float'(으)로 변환하면서 데이터가 손실될 수 있습니다.
C:\Users\iksang\Desktop\GitHub\WKU_sophomore\C\second semester\20212316정익상(창의실무프로젝트기말)\20212316정익상(창의실무프로젝트기말)\main.c(266,40): warning C4244: '+=': 'double'에서 'float'(으)로 변환하면서 데이터가 손실될 수 있습니다.
C:\Users\iksang\Desktop\GitHub\WKU_sophomore\C\second semester\20212316정익상(창의실무프로젝트기말)\20212316정익상(창의실무프로젝트기말)\main.c(269,40): warning C4244: '+=': 'double'에서 'float'(으)로 변환하면서 데이터가 손실될 수 있습니다.
C:\Users\iksang\Desktop\GitHub\WKU_sophomore\C\second semester\20212316정익상(창의실무프로젝트기말)\20212316정익상(창의실무프로젝트기말)\main.c(270,40): warning C4244: '+=': 'double'에서 'float'(으)로 변환하면서 데이터가 손실될 수 있습니다.
C:\Users\iksang\Desktop\GitHub\WKU_sophomore\C\second semester\20212316정익상(창의실무프로젝트기말)\20212316정익상(창의실무프로젝트기말)\main.c(279,25): warning C4305: '+=': 'double'에서 'float'(으)로 잘립니다.
C:\Users\iksang\Desktop\GitHub\WKU_sophomore\C\second semester\20212316정익상(창의실무프로젝트기말)\20212316정익상(창의실무프로젝트기말)\main.c(280,54): warning C4305: '-=': 'double'에서 'float'(으)로 잘립니다.
C:\Users\iksang\Desktop\GitHub\WKU_sophomore\C\second semester\20212316정익상(창의실무프로젝트기말)\20212316정익상(창의실무프로젝트기말)\main.c(290,49): warning C4305: '+=': 'double'에서 'float'(으)로 잘립니다.
C:\Users\iksang\Desktop\GitHub\WKU_sophomore\C\second semester\20212316정익상(창의실무프로젝트기말)\20212316정익상(창의실무프로젝트기말)\main.c(294,54): warning C4305: '-=': 'double'에서 'float'(으)로 잘립니다.
  20212316정익상(창의실무프로젝트기말).vcxproj -> C:\Users\iksang\Desktop\GitHub\WKU_sophomore\C\second semester\20212316정익상(창의실무프로젝트기말)\x64\Debug\20212316정익상(창의실무프로젝트기말).exe
